--------------------------------------------------------------------------------
Versions log started: 2024-07-29 12:49:01
--------------------------------------------------------------------------------
# packages in environment at /Users/jacob/anaconda3/envs/gentzkow_template:
#
# Name                    Version                   Build  Channel
anyio                     4.4.0              pyhd8ed1ab_0    conda-forge
appnope                   0.1.4              pyhd8ed1ab_0    conda-forge
argon2-cffi               23.1.0             pyhd8ed1ab_0    conda-forge
argon2-cffi-bindings      21.2.0          py312h104f124_4    conda-forge
arrow                     1.3.0              pyhd8ed1ab_0    conda-forge
astor                     0.8.1              pyh9f0ad1d_0    conda-forge
asttokens                 2.4.1              pyhd8ed1ab_0    conda-forge
async-lru                 2.0.4              pyhd8ed1ab_0    conda-forge
attrs                     23.2.0             pyh71513ae_0    conda-forge
babel                     2.14.0             pyhd8ed1ab_0    conda-forge
beautifulsoup4            4.12.3             pyha770c72_0    conda-forge
bleach                    6.1.0              pyhd8ed1ab_0    conda-forge
brotli                    1.1.0                h0dc2134_1    conda-forge
brotli-bin                1.1.0                h0dc2134_1    conda-forge
brotli-python             1.1.0           py312heafc425_1    conda-forge
bzip2                     1.0.8                hfdf4475_7    conda-forge
ca-certificates           2024.7.4             h8857fd0_0    conda-forge
cached-property           1.5.2                hd8ed1ab_1    conda-forge
cached_property           1.5.2              pyha770c72_1    conda-forge
certifi                   2024.7.4           pyhd8ed1ab_0    conda-forge
cffi                      1.16.0          py312h38bf5a0_0    conda-forge
charset-normalizer        3.3.2              pyhd8ed1ab_0    conda-forge
colorama                  0.4.6              pyhd8ed1ab_0    conda-forge
comm                      0.2.2              pyhd8ed1ab_0    conda-forge
contourpy                 1.2.1           py312h9230928_0    conda-forge
cycler                    0.12.1             pyhd8ed1ab_0    conda-forge
debugpy                   1.8.2           py312h28f332c_0    conda-forge
decorator                 5.1.1              pyhd8ed1ab_0    conda-forge
defusedxml                0.7.1              pyhd8ed1ab_0    conda-forge
entrypoints               0.4                pyhd8ed1ab_0    conda-forge
exceptiongroup            1.2.2              pyhd8ed1ab_0    conda-forge
executing                 2.0.1              pyhd8ed1ab_0    conda-forge
fonttools                 4.53.1          py312hbd25219_0    conda-forge
formulaic                 1.0.2              pyhd8ed1ab_0    conda-forge
fqdn                      1.5.1              pyhd8ed1ab_0    conda-forge
freetype                  2.12.1               h60636b9_2    conda-forge
gitdb                     4.0.11             pyhd8ed1ab_0    conda-forge
gitpython                 3.1.43             pyhd8ed1ab_0    conda-forge
graphlib-backport         1.0.3              pyhd8ed1ab_0    conda-forge
h11                       0.14.0             pyhd8ed1ab_0    conda-forge
h2                        4.1.0              pyhd8ed1ab_0    conda-forge
hpack                     4.0.0              pyh9f0ad1d_0    conda-forge
httpcore                  1.0.5              pyhd8ed1ab_0    conda-forge
httpx                     0.27.0             pyhd8ed1ab_0    conda-forge
hyperframe                6.0.1              pyhd8ed1ab_0    conda-forge
idna                      3.7                pyhd8ed1ab_0    conda-forge
importlib-metadata        8.2.0              pyha770c72_0    conda-forge
importlib_metadata        8.2.0                hd8ed1ab_0    conda-forge
importlib_resources       6.4.0              pyhd8ed1ab_0    conda-forge
interface_meta            1.3.0              pyhd8ed1ab_0    conda-forge
ipykernel                 6.29.5             pyh57ce528_0    conda-forge
ipython                   8.26.0             pyh707e725_0    conda-forge
ipywidgets                8.1.3              pyhd8ed1ab_0    conda-forge
isoduration               20.11.0            pyhd8ed1ab_0    conda-forge
jedi                      0.19.1             pyhd8ed1ab_0    conda-forge
jinja2                    3.1.4              pyhd8ed1ab_0    conda-forge
json5                     0.9.25             pyhd8ed1ab_0    conda-forge
jsonpointer               3.0.0           py312hb401068_0    conda-forge
jsonschema                4.23.0             pyhd8ed1ab_0    conda-forge
jsonschema-specifications 2023.12.1          pyhd8ed1ab_0    conda-forge
jsonschema-with-format-nongpl 4.23.0               hd8ed1ab_0    conda-forge
jupyter                   1.0.0             pyhd8ed1ab_10    conda-forge
jupyter-lsp               2.2.5              pyhd8ed1ab_0    conda-forge
jupyter_client            8.6.2              pyhd8ed1ab_0    conda-forge
jupyter_console           6.6.3              pyhd8ed1ab_0    conda-forge
jupyter_core              5.7.2           py312hb401068_0    conda-forge
jupyter_events            0.10.0             pyhd8ed1ab_0    conda-forge
jupyter_server            2.14.2             pyhd8ed1ab_0    conda-forge
jupyter_server_terminals  0.5.3              pyhd8ed1ab_0    conda-forge
jupyterlab                4.2.4              pyhd8ed1ab_0    conda-forge
jupyterlab_pygments       0.3.0              pyhd8ed1ab_1    conda-forge
jupyterlab_server         2.27.3             pyhd8ed1ab_0    conda-forge
jupyterlab_widgets        3.0.11             pyhd8ed1ab_0    conda-forge
kiwisolver                1.4.5           py312h49ebfd2_1    conda-forge
krb5                      1.21.3               h37d8d59_0    conda-forge
lcms2                     2.16                 ha2f27b4_0    conda-forge
lerc                      4.0.0                hb486fe8_0    conda-forge
libblas                   3.9.0           22_osx64_openblas    conda-forge
libbrotlicommon           1.1.0                h0dc2134_1    conda-forge
libbrotlidec              1.1.0                h0dc2134_1    conda-forge
libbrotlienc              1.1.0                h0dc2134_1    conda-forge
libcblas                  3.9.0           22_osx64_openblas    conda-forge
libcxx                    18.1.8               hef8daea_1    conda-forge
libdeflate                1.20                 h49d49c5_0    conda-forge
libedit                   3.1.20191231         h0678c8f_2    conda-forge
libexpat                  2.6.2                h73e2aa4_0    conda-forge
libffi                    3.4.2                h0d85af4_5    conda-forge
libgfortran               5.0.0           13_2_0_h97931a8_3    conda-forge
libgfortran5              13.2.0               h2873a65_3    conda-forge
libjpeg-turbo             3.0.0                h0dc2134_1    conda-forge
liblapack                 3.9.0           22_osx64_openblas    conda-forge
libopenblas               0.3.27          openmp_h8869122_1    conda-forge
libpng                    1.6.43               h92b6c6a_0    conda-forge
libsodium                 1.0.18               hbcb3906_1    conda-forge
libsqlite                 3.46.0               h1b8f9f3_0    conda-forge
libtiff                   4.6.0                h129831d_3    conda-forge
libwebp-base              1.4.0                h10d778d_0    conda-forge
libxcb                    1.16                 h0dc2134_0    conda-forge
libzlib                   1.3.1                h87427d6_1    conda-forge
linearmodels              6.0             py312h5dc8b90_1    conda-forge
llvm-openmp               18.1.8               h15ab845_0    conda-forge
markupsafe                2.1.5           py312h41838bb_0    conda-forge
matplotlib                3.9.1           py312hb401068_0    conda-forge
matplotlib-base           3.9.1           py312h0d5aeb7_0    conda-forge
matplotlib-inline         0.1.7              pyhd8ed1ab_0    conda-forge
mistune                   3.0.2              pyhd8ed1ab_0    conda-forge
munkres                   1.1.4              pyh9f0ad1d_0    conda-forge
mypy_extensions           1.0.0              pyha770c72_0    conda-forge
nbclient                  0.10.0             pyhd8ed1ab_0    conda-forge
nbconvert                 7.16.4               hd8ed1ab_1    conda-forge
nbconvert-core            7.16.4             pyhd8ed1ab_1    conda-forge
nbconvert-pandoc          7.16.4               hd8ed1ab_1    conda-forge
nbformat                  5.10.4             pyhd8ed1ab_0    conda-forge
ncurses                   6.5                  h5846eda_0    conda-forge
nest-asyncio              1.6.0              pyhd8ed1ab_0    conda-forge
notebook                  7.2.1              pyhd8ed1ab_0    conda-forge
notebook-shim             0.2.4              pyhd8ed1ab_0    conda-forge
numpy                     2.0.1           py312h8813227_0    conda-forge
openjpeg                  2.5.2                h7310d3a_0    conda-forge
openssl                   3.3.1                h87427d6_2    conda-forge
overrides                 7.7.0              pyhd8ed1ab_0    conda-forge
packaging                 24.1               pyhd8ed1ab_0    conda-forge
pandas                    2.2.2           py312h1171441_1    conda-forge
pandoc                    3.3                  h694c41f_0    conda-forge
pandocfilters             1.5.0              pyhd8ed1ab_0    conda-forge
parso                     0.8.4              pyhd8ed1ab_0    conda-forge
patsy                     0.5.6              pyhd8ed1ab_0    conda-forge
pexpect                   4.9.0              pyhd8ed1ab_0    conda-forge
pickleshare               0.7.5                   py_1003    conda-forge
pillow                    10.4.0          py312hbd70edc_0    conda-forge
pip                       24.0               pyhd8ed1ab_0    conda-forge
pkgutil-resolve-name      1.3.10             pyhd8ed1ab_1    conda-forge
platformdirs              4.2.2              pyhd8ed1ab_0    conda-forge
prometheus_client         0.20.0             pyhd8ed1ab_0    conda-forge
prompt-toolkit            3.0.47             pyha770c72_0    conda-forge
prompt_toolkit            3.0.47               hd8ed1ab_0    conda-forge
psutil                    6.0.0           py312hbd25219_0    conda-forge
pthread-stubs             0.4               hc929b4f_1001    conda-forge
ptyprocess                0.7.0              pyhd3deb0d_0    conda-forge
pure_eval                 0.2.3              pyhd8ed1ab_0    conda-forge
pycparser                 2.22               pyhd8ed1ab_0    conda-forge
pygments                  2.18.0             pyhd8ed1ab_0    conda-forge
pyhdfe                    0.2.0              pyhd8ed1ab_0    conda-forge
pyobjc-core               10.3.1          py312he77c50b_0    conda-forge
pyobjc-framework-cocoa    10.3.1          py312he77c50b_0    conda-forge
pyparsing                 3.1.2              pyhd8ed1ab_0    conda-forge
pysocks                   1.7.1              pyha2e5f31_6    conda-forge
python                    3.12.4          h37a9e06_0_cpython    conda-forge
python-dateutil           2.9.0              pyhd8ed1ab_0    conda-forge
python-fastjsonschema     2.20.0             pyhd8ed1ab_0    conda-forge
python-json-logger        2.0.7              pyhd8ed1ab_0    conda-forge
python-tzdata             2024.1             pyhd8ed1ab_0    conda-forge
python_abi                3.12                    4_cp312    conda-forge
pytz                      2024.1             pyhd8ed1ab_0    conda-forge
pyyaml                    6.0.1           py312h104f124_1    conda-forge
pyzmq                     26.0.3          py312ha04878a_0    conda-forge
qhull                     2020.2               h3c5361c_5    conda-forge
qtconsole-base            5.5.2              pyha770c72_0    conda-forge
qtpy                      2.4.1              pyhd8ed1ab_0    conda-forge
readline                  8.2                  h9e318b2_1    conda-forge
referencing               0.35.1             pyhd8ed1ab_0    conda-forge
requests                  2.32.3             pyhd8ed1ab_0    conda-forge
rfc3339-validator         0.1.4              pyhd8ed1ab_0    conda-forge
rfc3986-validator         0.1.1              pyh9f0ad1d_0    conda-forge
rpds-py                   0.19.1          py312ha47ea1c_0    conda-forge
scipy                     1.14.0          py312hb9702fa_1    conda-forge
send2trash                1.8.3              pyh31c8845_0    conda-forge
setuptools                71.0.4             pyhd8ed1ab_0    conda-forge
six                       1.16.0             pyh6c4a22f_0    conda-forge
smmap                     5.0.0              pyhd8ed1ab_0    conda-forge
sniffio                   1.3.1              pyhd8ed1ab_0    conda-forge
soupsieve                 2.5                pyhd8ed1ab_1    conda-forge
stack_data                0.6.2              pyhd8ed1ab_0    conda-forge
statsmodels               0.14.2          py312h5dc8b90_0    conda-forge
termcolor                 2.4.0              pyhd8ed1ab_0    conda-forge
terminado                 0.18.1             pyh31c8845_0    conda-forge
tinycss2                  1.3.0              pyhd8ed1ab_0    conda-forge
tk                        8.6.13               h1abcd95_1    conda-forge
tomli                     2.0.1              pyhd8ed1ab_0    conda-forge
tornado                   6.4.1           py312hbd25219_0    conda-forge
traitlets                 5.14.3             pyhd8ed1ab_0    conda-forge
types-python-dateutil     2.9.0.20240316     pyhd8ed1ab_0    conda-forge
typing-extensions         4.12.2               hd8ed1ab_0    conda-forge
typing_extensions         4.12.2             pyha770c72_0    conda-forge
typing_utils              0.1.0              pyhd8ed1ab_0    conda-forge
tzdata                    2024a                h0c530f3_0    conda-forge
uri-template              1.3.0              pyhd8ed1ab_0    conda-forge
urllib3                   2.2.2              pyhd8ed1ab_1    conda-forge
wcwidth                   0.2.13             pyhd8ed1ab_0    conda-forge
webcolors                 24.6.0             pyhd8ed1ab_0    conda-forge
webencodings              0.5.1              pyhd8ed1ab_2    conda-forge
websocket-client          1.8.0              pyhd8ed1ab_0    conda-forge
wheel                     0.43.0             pyhd8ed1ab_1    conda-forge
widgetsnbextension        4.0.11             pyhd8ed1ab_0    conda-forge
wrapt                     1.16.0          py312h41838bb_0    conda-forge
xorg-libxau               1.0.11               h0dc2134_0    conda-forge
xorg-libxdmcp             1.1.3                h35c211d_0    conda-forge
xz                        5.2.6                h775f41a_0    conda-forge
yaml                      0.2.5                h0d85af4_2    conda-forge
zeromq                    4.3.5                hde137ed_4    conda-forge
zipp                      3.19.2             pyhd8ed1ab_0    conda-forge
zstandard                 0.23.0          py312h331e495_0    conda-forge
zstd                      1.5.6                h915ae27_0    conda-forge

