--------------------------------------------------------------------------------
Makelog started: 2024-07-29 12:49:27
Working directory: /Users/jacob/Documents/Research/gentzkow_template/paper_slides
--------------------------------------------------------------------------------
Input copies successfully created!
External copies successfully created!
Source logs successfully written!
WARNING! The following target files have been modified according to git status:
/Users/jacob/Documents/Research/gentzkow_template/analysis/output/regression.csv
/Users/jacob/Documents/Research/gentzkow_template/data/output/chips_sold.pdf
Version logs successfully written!
Executing command: `pdflatex -output-directory=../latex_auxiliary_dir  "/Users/jacob/Documents/Research/gentzkow_template/paper_slides/code/paper.tex"`
This is pdfTeX, Version 3.141592653-2.6-1.40.25 (TeX Live 2023) (preloaded format=pdflatex)
 restricted \write18 enabled.
entering extended mode
(/Users/jacob/Documents/Research/gentzkow_template/paper_slides/code/paper.tex
LaTeX2e <2022-11-01> patch level 1
L3 programming layer <2023-02-22>
(/usr/local/texlive/2023/texmf-dist/tex/latex/base/article.cls
Document Class: article 2022/07/02 v1.4n Standard LaTeX document class
(/usr/local/texlive/2023/texmf-dist/tex/latex/base/size12.clo))
(/usr/local/texlive/2023/texmf-dist/tex/latex/psnfss/mathptmx.sty)
(/usr/local/texlive/2023/texmf-dist/tex/latex/base/inputenc.sty
(/usr/local/texlive/2023/texmf-dist/tex/latex/base/latin9.def))
(/usr/local/texlive/2023/texmf-dist/tex/latex/geometry/geometry.sty
(/usr/local/texlive/2023/texmf-dist/tex/latex/graphics/keyval.sty)
(/usr/local/texlive/2023/texmf-dist/tex/generic/iftex/ifvtex.sty
(/usr/local/texlive/2023/texmf-dist/tex/generic/iftex/iftex.sty)))
(/usr/local/texlive/2023/texmf-dist/tex/latex/float/float.sty)
(/usr/local/texlive/2023/texmf-dist/tex/latex/amsmath/amsmath.sty
For additional information on amsmath, use the `?' option.
(/usr/local/texlive/2023/texmf-dist/tex/latex/amsmath/amstext.sty
(/usr/local/texlive/2023/texmf-dist/tex/latex/amsmath/amsgen.sty))
(/usr/local/texlive/2023/texmf-dist/tex/latex/amsmath/amsbsy.sty)
(/usr/local/texlive/2023/texmf-dist/tex/latex/amsmath/amsopn.sty))
(/usr/local/texlive/2023/texmf-dist/tex/latex/amscls/amsthm.sty)
(/usr/local/texlive/2023/texmf-dist/tex/latex/amsfonts/amssymb.sty
(/usr/local/texlive/2023/texmf-dist/tex/latex/amsfonts/amsfonts.sty))
(/usr/local/texlive/2023/texmf-dist/tex/latex/graphics/graphicx.sty
(/usr/local/texlive/2023/texmf-dist/tex/latex/graphics/graphics.sty
(/usr/local/texlive/2023/texmf-dist/tex/latex/graphics/trig.sty)
(/usr/local/texlive/2023/texmf-dist/tex/latex/graphics-cfg/graphics.cfg)
(/usr/local/texlive/2023/texmf-dist/tex/latex/graphics-def/pdftex.def)))
(/usr/local/texlive/2023/texmf-dist/tex/latex/setspace/setspace.sty)
(/usr/local/texlive/2023/texmf-dist/tex/latex/natbib/natbib.sty)
(/usr/local/texlive/2023/texmf-dist/tex/latex/tools/bm.sty)
(/usr/local/texlive/2023/texmf-dist/tex/latex/sectsty/sectsty.sty

LaTeX Warning: Command \underbar  has changed.
               Check if current package is valid.


LaTeX Warning: Command \underline  has changed.
               Check if current package is valid.

) (/usr/local/texlive/2023/texmf-dist/tex/latex/datetime/datetime.sty
(/usr/local/texlive/2023/texmf-dist/tex/latex/etoolbox/etoolbox.sty)
(/usr/local/texlive/2023/texmf-dist/tex/latex/fmtcount/fmtcount.sty
(/usr/local/texlive/2023/texmf-dist/tex/latex/base/ifthen.sty)
(/usr/local/texlive/2023/texmf-dist/tex/latex/xkeyval/xkeyval.sty
(/usr/local/texlive/2023/texmf-dist/tex/generic/xkeyval/xkeyval.tex
(/usr/local/texlive/2023/texmf-dist/tex/generic/xkeyval/xkvutils.tex)))
(/usr/local/texlive/2023/texmf-dist/tex/latex/fmtcount/fcprefix.sty
(/usr/local/texlive/2023/texmf-dist/tex/latex/fmtcount/fcnumparser.sty)))
(/usr/local/texlive/2023/texmf-dist/tex/latex/datetime/datetime-defaults.sty))
(/usr/local/texlive/2023/texmf-dist/tex/latex/pdflscape/pdflscape.sty
(/usr/local/texlive/2023/texmf-dist/tex/latex/pdflscape/pdflscape-nometadata.st
y (/usr/local/texlive/2023/texmf-dist/tex/latex/graphics/lscape.sty)))
(/usr/local/texlive/2023/texmf-dist/tex/generic/babel/babel.sty
(/usr/local/texlive/2023/texmf-dist/tex/generic/babel/txtbabel.def)
(/usr/local/texlive/2023/texmf-dist/tex/generic/babel-english/english.ldf))
(/usr/local/texlive/2023/texmf-dist/tex/generic/babel/locale/en/babel-english.t
ex) (/usr/local/texlive/2023/texmf-dist/tex/latex/psnfss/times.sty)
(/usr/local/texlive/2023/texmf-dist/tex/latex/caption/caption.sty
(/usr/local/texlive/2023/texmf-dist/tex/latex/caption/caption3.sty))
(/usr/local/texlive/2023/texmf-dist/tex/latex/footmisc/footmisc.sty)
(/usr/local/texlive/2023/texmf-dist/tex/latex/psnfss/ot1ptm.fd)
(/usr/local/texlive/2023/texmf-dist/tex/latex/l3backend/l3backend-pdftex.def)

LaTeX Warning: Unused global option(s):
    [hyperfootnotes].

(./paper.aux)
*geometry* driver: auto-detecting
*geometry* detected driver: pdftex
*geometry* verbose mode - [ preamble ] result:
* driver: pdftex
* paper: <default>
* layout: <same size as paper>
* layoutoffset:(h,v)=(0.0pt,0.0pt)
* modes: 
* h-part:(L,W,R)=(72.26999pt, 469.75502pt, 72.26999pt)
* v-part:(T,H,B)=(72.26999pt, 650.43001pt, 72.26999pt)
* \paperwidth=614.295pt
* \paperheight=794.96999pt
* \textwidth=469.75502pt
* \textheight=650.43001pt
* \oddsidemargin=0.0pt
* \evensidemargin=0.0pt
* \topmargin=-37.0pt
* \headheight=12.0pt
* \headsep=25.0pt
* \topskip=12.0pt
* \footskip=30.0pt
* \marginparwidth=44.0pt
* \marginparsep=10.0pt
* \columnsep=10.0pt
* \skip\footins=10.8pt plus 4.0pt minus 2.0pt
* \hoffset=0.0pt
* \voffset=0.0pt
* \mag=1000
* \@twocolumnfalse
* \@twosidefalse
* \@mparswitchfalse
* \@reversemarginfalse
* (1in=72.27pt=25.4mm, 1cm=28.453pt)

(/usr/local/texlive/2023/texmf-dist/tex/context/base/mkii/supp-pdf.mkii
[Loading MPS to PDF converter (version 2006.09.02).]
) (/usr/local/texlive/2023/texmf-dist/tex/latex/epstopdf-pkg/epstopdf-base.sty
(/usr/local/texlive/2023/texmf-dist/tex/generic/infwarerr/infwarerr.sty)
(/usr/local/texlive/2023/texmf-dist/tex/latex/grfext/grfext.sty
(/usr/local/texlive/2023/texmf-dist/tex/generic/kvdefinekeys/kvdefinekeys.sty))
 (/usr/local/texlive/2023/texmf-dist/tex/latex/kvoptions/kvoptions.sty
(/usr/local/texlive/2023/texmf-dist/tex/generic/ltxcmds/ltxcmds.sty)
(/usr/local/texlive/2023/texmf-dist/tex/latex/kvsetkeys/kvsetkeys.sty))
(/usr/local/texlive/2023/texmf-dist/tex/generic/pdftexcmds/pdftexcmds.sty)
(/usr/local/texlive/2023/texmf-dist/tex/latex/latexconfig/epstopdf-sys.cfg))
(/usr/local/texlive/2023/texmf-dist/tex/latex/psnfss/ot1ztmcm.fd)
(/usr/local/texlive/2023/texmf-dist/tex/latex/psnfss/omlztmcm.fd)
(/usr/local/texlive/2023/texmf-dist/tex/latex/psnfss/omsztmcm.fd)
(/usr/local/texlive/2023/texmf-dist/tex/latex/psnfss/omxztmcm.fd)
(/usr/local/texlive/2023/texmf-dist/tex/latex/psnfss/ts1ptm.fd)
pdfTeX warning (Object streams): \pdfobjcompresslevel > 0 requires PDF-1.5 or g
reater. Object streams disabled now.
[1{/usr/local/texlive/2023/texmf-var/fonts/map/pdftex/updmap/pdftex.map}{/usr/l
ocal/texlive/2023/texmf-dist/fonts/enc/dvips/base/8r.enc}] [2] [3]
(./figures.tex) [4 <../latex_auxiliary_dir/../input/chips_sold.pdf>]
(../output/tables_filled.tex) [5] [6] (../latex_auxiliary_dir/paper.aux) )
(see the transcript file for additional information)</usr/local/texlive/2023/te
xmf-dist/fonts/type1/urw/symbol/usyr.pfb></usr/local/texlive/2023/texmf-dist/fo
nts/type1/urw/times/utmb8a.pfb></usr/local/texlive/2023/texmf-dist/fonts/type1/
urw/times/utmr8a.pfb></usr/local/texlive/2023/texmf-dist/fonts/type1/urw/times/
utmri8a.pfb>
Output written on ../latex_auxiliary_dir/paper.pdf (6 pages, 52501 bytes).
Transcript written on ../latex_auxiliary_dir/paper.log.

Executing command: `pdflatex -output-directory=../latex_auxiliary_dir  "/Users/jacob/Documents/Research/gentzkow_template/paper_slides/code/online_appendix.tex"`
This is pdfTeX, Version 3.141592653-2.6-1.40.25 (TeX Live 2023) (preloaded format=pdflatex)
 restricted \write18 enabled.
entering extended mode

(/Users/jacob/Documents/Research/gentzkow_template/paper_slides/code/online_app
endix.tex
LaTeX2e <2022-11-01> patch level 1
L3 programming layer <2023-02-22>
(/usr/local/texlive/2023/texmf-dist/tex/latex/base/article.cls
Document Class: article 2022/07/02 v1.4n Standard LaTeX document class
(/usr/local/texlive/2023/texmf-dist/tex/latex/base/size12.clo))
(/usr/local/texlive/2023/texmf-dist/tex/latex/base/inputenc.sty
(/usr/local/texlive/2023/texmf-dist/tex/latex/base/latin9.def))
(/usr/local/texlive/2023/texmf-dist/tex/latex/geometry/geometry.sty
(/usr/local/texlive/2023/texmf-dist/tex/latex/graphics/keyval.sty)
(/usr/local/texlive/2023/texmf-dist/tex/generic/iftex/ifvtex.sty
(/usr/local/texlive/2023/texmf-dist/tex/generic/iftex/iftex.sty)))
(/usr/local/texlive/2023/texmf-dist/tex/latex/float/float.sty)
(/usr/local/texlive/2023/texmf-dist/tex/latex/amsmath/amsmath.sty
For additional information on amsmath, use the `?' option.
(/usr/local/texlive/2023/texmf-dist/tex/latex/amsmath/amstext.sty
(/usr/local/texlive/2023/texmf-dist/tex/latex/amsmath/amsgen.sty))
(/usr/local/texlive/2023/texmf-dist/tex/latex/amsmath/amsbsy.sty)
(/usr/local/texlive/2023/texmf-dist/tex/latex/amsmath/amsopn.sty))
(/usr/local/texlive/2023/texmf-dist/tex/latex/amscls/amsthm.sty)
(/usr/local/texlive/2023/texmf-dist/tex/latex/amsfonts/amssymb.sty
(/usr/local/texlive/2023/texmf-dist/tex/latex/amsfonts/amsfonts.sty))
(/usr/local/texlive/2023/texmf-dist/tex/latex/setspace/setspace.sty)
(/usr/local/texlive/2023/texmf-dist/tex/latex/sectsty/sectsty.sty

LaTeX Warning: Command \underbar  has changed.
               Check if current package is valid.


LaTeX Warning: Command \underline  has changed.
               Check if current package is valid.

) (/usr/local/texlive/2023/texmf-dist/tex/latex/anysize/anysize.sty
document style option `anysize' loaded
Michael Salzenberg, Thomas Esser, Dirk Hillbrecht
Version 1.0, Aug 13, 1994
) (/usr/local/texlive/2023/texmf-dist/tex/latex/datetime/datetime.sty
(/usr/local/texlive/2023/texmf-dist/tex/latex/etoolbox/etoolbox.sty)
(/usr/local/texlive/2023/texmf-dist/tex/latex/fmtcount/fmtcount.sty
(/usr/local/texlive/2023/texmf-dist/tex/latex/base/ifthen.sty)
(/usr/local/texlive/2023/texmf-dist/tex/latex/xkeyval/xkeyval.sty
(/usr/local/texlive/2023/texmf-dist/tex/generic/xkeyval/xkeyval.tex
(/usr/local/texlive/2023/texmf-dist/tex/generic/xkeyval/xkvutils.tex)))
(/usr/local/texlive/2023/texmf-dist/tex/latex/fmtcount/fcprefix.sty
(/usr/local/texlive/2023/texmf-dist/tex/latex/fmtcount/fcnumparser.sty))
(/usr/local/texlive/2023/texmf-dist/tex/latex/fmtcount/fc-english.def))
(/usr/local/texlive/2023/texmf-dist/tex/latex/datetime/datetime-defaults.sty))
(/usr/local/texlive/2023/texmf-dist/tex/latex/pdflscape/pdflscape.sty
(/usr/local/texlive/2023/texmf-dist/tex/latex/pdflscape/pdflscape-nometadata.st
y (/usr/local/texlive/2023/texmf-dist/tex/latex/graphics/lscape.sty
(/usr/local/texlive/2023/texmf-dist/tex/latex/graphics/graphics.sty
(/usr/local/texlive/2023/texmf-dist/tex/latex/graphics/trig.sty)
(/usr/local/texlive/2023/texmf-dist/tex/latex/graphics-cfg/graphics.cfg)
(/usr/local/texlive/2023/texmf-dist/tex/latex/graphics-def/pdftex.def)))))
(/usr/local/texlive/2023/texmf-dist/tex/latex/psnfss/times.sty)
(/usr/local/texlive/2023/texmf-dist/tex/latex/caption/caption.sty
(/usr/local/texlive/2023/texmf-dist/tex/latex/caption/caption3.sty))
(/usr/local/texlive/2023/texmf-dist/tex/latex/footmisc/footmisc.sty)
(/usr/local/texlive/2023/texmf-dist/tex/generic/babel/babel.sty
(/usr/local/texlive/2023/texmf-dist/tex/generic/babel/txtbabel.def)
(/usr/local/texlive/2023/texmf-dist/tex/generic/babel-english/english.ldf))
(/usr/local/texlive/2023/texmf-dist/tex/generic/babel/locale/en/babel-english.t
ex) (/usr/local/texlive/2023/texmf-dist/tex/latex/psnfss/ot1ptm.fd)
(/usr/local/texlive/2023/texmf-dist/tex/latex/l3backend/l3backend-pdftex.def)
No file online_appendix.aux.
*geometry* driver: auto-detecting
*geometry* detected driver: pdftex
*geometry* verbose mode - [ preamble ] result:
* driver: pdftex
* paper: <default>
* layout: <same size as paper>
* layoutoffset:(h,v)=(0.0pt,0.0pt)
* modes: 
* h-part:(L,W,R)=(72.26999pt, 469.75502pt, 72.26999pt)
* v-part:(T,H,B)=(72.26999pt, 650.43001pt, 72.26999pt)
* \paperwidth=597.50787pt
* \paperheight=845.04684pt
* \textwidth=455.24411pt
* \textheight=664.23584pt
* \oddsidemargin=13.08827pt
* \evensidemargin=-15.36449pt
* \topmargin=-15.36449pt
* \headheight=12.0pt
* \headsep=25.0pt
* \topskip=12.0pt
* \footskip=30.0pt
* \marginparwidth=44.0pt
* \marginparsep=10.0pt
* \columnsep=10.0pt
* \skip\footins=10.8pt plus 4.0pt minus 2.0pt
* \hoffset=0.0pt
* \voffset=0.0pt
* \mag=1000
* \@twocolumnfalse
* \@twosidefalse
* \@mparswitchfalse
* \@reversemarginfalse
* (1in=72.27pt=25.4mm, 1cm=28.453pt)

(/usr/local/texlive/2023/texmf-dist/tex/context/base/mkii/supp-pdf.mkii
[Loading MPS to PDF converter (version 2006.09.02).]
) (/usr/local/texlive/2023/texmf-dist/tex/latex/epstopdf-pkg/epstopdf-base.sty
(/usr/local/texlive/2023/texmf-dist/tex/latex/latexconfig/epstopdf-sys.cfg))
(/usr/local/texlive/2023/texmf-dist/tex/latex/amsfonts/umsa.fd)
(/usr/local/texlive/2023/texmf-dist/tex/latex/amsfonts/umsb.fd)
(/usr/local/texlive/2023/texmf-dist/tex/latex/psnfss/ts1ptm.fd)
No file online_appendix.lot.
No file online_appendix.lof.
[1{/usr/local/texlive/2023/texmf-var/fonts/map/pdftex/updmap/pdftex.map}{/usr/l
ocal/texlive/2023/texmf-dist/fonts/enc/dvips/base/8r.enc}]
(../latex_auxiliary_dir/online_appendix.aux) )</usr/local/texlive/2023/texmf-di
st/fonts/type1/urw/times/utmb8a.pfb></usr/local/texlive/2023/texmf-dist/fonts/t
ype1/urw/times/utmr8a.pfb></usr/local/texlive/2023/texmf-dist/fonts/type1/urw/t
imes/utmri8a.pfb>
Output written on ../latex_auxiliary_dir/online_appendix.pdf (1 page, 33916 byt
es).
Transcript written on ../latex_auxiliary_dir/online_appendix.log.

Output logs successfully written!
--------------------------------------------------------------------------------
Makelog ended: 2024-07-29 12:49:39
Working directory: /Users/jacob/Documents/Research/gentzkow_template/paper_slides
--------------------------------------------------------------------------------
